c:\users\lante\desktop\수업\게임소프트웨어공학\simplegame\gse_2_2014182027\simplegame\simplegame\x64\debug\simplegame.pch
c:\users\lante\desktop\수업\게임소프트웨어공학\simplegame\gse_2_2014182027\simplegame\simplegame\x64\debug\vc141.pdb
c:\users\lante\desktop\수업\게임소프트웨어공학\simplegame\gse_2_2014182027\simplegame\simplegame\x64\debug\vc141.idb
c:\users\lante\desktop\수업\게임소프트웨어공학\simplegame\gse_2_2014182027\simplegame\simplegame\x64\debug\stdafx.obj
c:\users\lante\desktop\수업\게임소프트웨어공학\simplegame\gse_2_2014182027\simplegame\simplegame\x64\debug\object.obj
c:\users\lante\desktop\수업\게임소프트웨어공학\simplegame\gse_2_2014182027\simplegame\simplegame\x64\debug\renderer.obj
c:\users\lante\desktop\수업\게임소프트웨어공학\simplegame\gse_2_2014182027\simplegame\simplegame\x64\debug\simplegame.obj
c:\users\lante\desktop\수업\게임소프트웨어공학\simplegame\gse_2_2014182027\simplegame\simplegame\x64\debug\scenemgr.obj
c:\users\lante\desktop\수업\게임소프트웨어공학\simplegame\gse_2_2014182027\simplegame\simplegame\x64\debug\loadpng.obj
c:\users\lante\desktop\수업\게임소프트웨어공학\simplegame\gse_2_2014182027\simplegame\x64\debug\simplegame.pdb
c:\users\lante\desktop\수업\게임소프트웨어공학\simplegame\gse_2_2014182027\simplegame\simplegame\x64\debug\simplegame.tlog\cl.command.1.tlog
c:\users\lante\desktop\수업\게임소프트웨어공학\simplegame\gse_2_2014182027\simplegame\simplegame\x64\debug\simplegame.tlog\cl.read.1.tlog
c:\users\lante\desktop\수업\게임소프트웨어공학\simplegame\gse_2_2014182027\simplegame\simplegame\x64\debug\simplegame.tlog\cl.write.1.tlog
c:\users\lante\desktop\수업\게임소프트웨어공학\simplegame\gse_2_2014182027\simplegame\simplegame\x64\debug\simplegame.tlog\link-cvtres.read.1.tlog
c:\users\lante\desktop\수업\게임소프트웨어공학\simplegame\gse_2_2014182027\simplegame\simplegame\x64\debug\simplegame.tlog\link-cvtres.write.1.tlog
c:\users\lante\desktop\수업\게임소프트웨어공학\simplegame\gse_2_2014182027\simplegame\simplegame\x64\debug\simplegame.tlog\link-rc.read.1.tlog
c:\users\lante\desktop\수업\게임소프트웨어공학\simplegame\gse_2_2014182027\simplegame\simplegame\x64\debug\simplegame.tlog\link-rc.write.1.tlog
c:\users\lante\desktop\수업\게임소프트웨어공학\simplegame\gse_2_2014182027\simplegame\simplegame\x64\debug\simplegame.tlog\link.6516-cvtres.read.1.tlog
c:\users\lante\desktop\수업\게임소프트웨어공학\simplegame\gse_2_2014182027\simplegame\simplegame\x64\debug\simplegame.tlog\link.6516-cvtres.write.1.tlog
c:\users\lante\desktop\수업\게임소프트웨어공학\simplegame\gse_2_2014182027\simplegame\simplegame\x64\debug\simplegame.tlog\link.6516-rc.read.1.tlog
c:\users\lante\desktop\수업\게임소프트웨어공학\simplegame\gse_2_2014182027\simplegame\simplegame\x64\debug\simplegame.tlog\link.6516-rc.write.1.tlog
c:\users\lante\desktop\수업\게임소프트웨어공학\simplegame\gse_2_2014182027\simplegame\simplegame\x64\debug\simplegame.tlog\link.6516.read.1.tlog
c:\users\lante\desktop\수업\게임소프트웨어공학\simplegame\gse_2_2014182027\simplegame\simplegame\x64\debug\simplegame.tlog\link.6516.write.1.tlog
c:\users\lante\desktop\수업\게임소프트웨어공학\simplegame\gse_2_2014182027\simplegame\simplegame\x64\debug\simplegame.tlog\link.command.1.tlog
c:\users\lante\desktop\수업\게임소프트웨어공학\simplegame\gse_2_2014182027\simplegame\simplegame\x64\debug\simplegame.tlog\link.read.1.tlog
c:\users\lante\desktop\수업\게임소프트웨어공학\simplegame\gse_2_2014182027\simplegame\simplegame\x64\debug\simplegame.tlog\link.write.1.tlog
